<?xml version="1.0" encoding="UTF-8"?>
<!-- Generated by org.testng.reporters.JUnitReportReporter -->
<testsuite hostname="Veerendra" failures="0" tests="1" name="testCases.SignInTest" time="5.291" errors="0" timestamp="2023-07-10T22:52:55 IST" skipped="0">
  <testcase classname="testCases.SignInTest" name="signintest" time="5.291"/>
</testsuite> <!-- testCases.SignInTest -->
