<?xml version="1.0" encoding="UTF-8"?>
<!-- Generated by org.testng.reporters.JUnitReportReporter -->
<testsuite hostname="Veerendra" failures="0" tests="2" name="testCases.SearchBox" time="9.468" errors="0" timestamp="2023-07-10T22:56:36 IST" skipped="0">
  <testcase classname="testCases.SearchBox" name="test_search" time="5.307"/>
  <testcase classname="testCases.SearchBox" name="signintest" time="4.161"/>
</testsuite> <!-- testCases.SearchBox -->
